<?xml version='1.1' encoding='UTF-8'?>
<result plugin="junit@1.53">
  <suites>
    <suite>
      <file>/var/jenkins_home/workspace/fdc-authentication-service-dev/target/surefire-reports/TEST-com.fdc.authenticationserver.keymgmt.SecurityKeyRotationSchedulerTest.xml</file>
      <name>com.fdc.authenticationserver.keymgmt.SecurityKeyRotationSchedulerTest</name>
      <duration>5.203</duration>
      <time>5.203</time>
      <nodeId>19</nodeId>
      <enclosingBlocks>
        <string>15</string>
      </enclosingBlocks>
      <enclosingBlockNames>
        <string>Build Jar Artifacts</string>
      </enclosingBlockNames>
      <cases>
        <case>
          <duration>1.158</duration>
          <className>com.fdc.authenticationserver.keymgmt.SecurityKeyRotationSchedulerTest</className>
          <testName>test_whenInitialized_thenNewSecurityKeyIsGeneratedAndListenersAreInvoked</testName>
          <skipped>false</skipped>
          <failedSince>0</failedSince>
        </case>
        <case>
          <duration>4.045</duration>
          <className>com.fdc.authenticationserver.keymgmt.SecurityKeyRotationSchedulerTest</className>
          <testName>test_whenInitializedAndFinderFails_thenFinderTriesAgain</testName>
          <skipped>false</skipped>
          <failedSince>0</failedSince>
        </case>
      </cases>
    </suite>
    <suite>
      <file>/var/jenkins_home/workspace/fdc-authentication-service-dev/target/surefire-reports/TEST-com.fdc.authenticationserver.keymgmt.SecurityKeyUtilsTest.xml</file>
      <name>com.fdc.authenticationserver.keymgmt.SecurityKeyUtilsTest</name>
      <duration>0.0</duration>
      <time>0</time>
      <nodeId>19</nodeId>
      <enclosingBlocks>
        <string>15</string>
      </enclosingBlocks>
      <enclosingBlockNames>
        <string>Build Jar Artifacts</string>
      </enclosingBlockNames>
      <cases>
        <case>
          <duration>0.0</duration>
          <className>com.fdc.authenticationserver.keymgmt.SecurityKeyUtilsTest</className>
          <testName>test_findUsableSecurityKey_whenSecurityEndDatePassed_thenOptionalIsEmpty</testName>
          <skipped>false</skipped>
          <failedSince>0</failedSince>
        </case>
        <case>
          <duration>0.0</duration>
          <className>com.fdc.authenticationserver.keymgmt.SecurityKeyUtilsTest</className>
          <testName>test_findUsableSecurityKey_whenSecurityEndDateNotPassed_thenOptionalIsNonEmpty</testName>
          <skipped>false</skipped>
          <failedSince>0</failedSince>
        </case>
      </cases>
    </suite>
    <suite>
      <file>/var/jenkins_home/workspace/fdc-authentication-service-dev/target/surefire-reports/TEST-com.fdc.authenticationserver.security.JwtAuthenticationFilterTest.xml</file>
      <name>com.fdc.authenticationserver.security.JwtAuthenticationFilterTest</name>
      <duration>3.351</duration>
      <time>3.351</time>
      <nodeId>19</nodeId>
      <enclosingBlocks>
        <string>15</string>
      </enclosingBlocks>
      <enclosingBlockNames>
        <string>Build Jar Artifacts</string>
      </enclosingBlockNames>
      <cases>
        <case>
          <duration>3.251</duration>
          <className>com.fdc.authenticationserver.security.JwtAuthenticationFilterTest</className>
          <testName>test_whenRequestMatcherDoesNotMatch_thenProceedWithChain</testName>
          <skipped>false</skipped>
          <failedSince>0</failedSince>
        </case>
        <case>
          <duration>0.035</duration>
          <className>com.fdc.authenticationserver.security.JwtAuthenticationFilterTest</className>
          <testName>test_whenAuthenticationIsAttemptedAndAuthenticationManagerReturnsNull_thenSecurityContextIsEmpty</testName>
          <skipped>false</skipped>
          <failedSince>0</failedSince>
        </case>
        <case>
          <duration>0.015</duration>
          <className>com.fdc.authenticationserver.security.JwtAuthenticationFilterTest</className>
          <testName>test_whenAuthenticationIsAttemptedAndAuthenticationManagerReturnsResult_thenSecurityContextIsEmpty</testName>
          <skipped>false</skipped>
          <failedSince>0</failedSince>
        </case>
        <case>
          <duration>0.014</duration>
          <className>com.fdc.authenticationserver.security.JwtAuthenticationFilterTest</className>
          <testName>test_whenAuthenticationIsAttemptedAndAuthenticationExceptionOccurs_thenSecurityContextIsEmpty</testName>
          <skipped>false</skipped>
          <failedSince>0</failedSince>
        </case>
        <case>
          <duration>0.02</duration>
          <className>com.fdc.authenticationserver.security.JwtAuthenticationFilterTest</className>
          <testName>test_whenAuthenticationIsAttempted_thenJwtAuthenticationHasBearerToken</testName>
          <skipped>false</skipped>
          <failedSince>0</failedSince>
        </case>
      </cases>
    </suite>
    <suite>
      <file>/var/jenkins_home/workspace/fdc-authentication-service-dev/target/surefire-reports/TEST-com.fdc.authenticationserver.security.JwtRequestMatcherTest.xml</file>
      <name>com.fdc.authenticationserver.security.JwtRequestMatcherTest</name>
      <duration>3.785</duration>
      <time>3.785</time>
      <nodeId>19</nodeId>
      <enclosingBlocks>
        <string>15</string>
      </enclosingBlocks>
      <enclosingBlockNames>
        <string>Build Jar Artifacts</string>
      </enclosingBlockNames>
      <cases>
        <case>
          <duration>3.694</duration>
          <className>com.fdc.authenticationserver.security.JwtRequestMatcherTest</className>
          <testName>test_whenJwtAuthenticationTokenIsPresentInSecurityContext_thenDoesNotMatch</testName>
          <skipped>false</skipped>
          <failedSince>0</failedSince>
        </case>
        <case>
          <duration>0.076</duration>
          <className>com.fdc.authenticationserver.security.JwtRequestMatcherTest</className>
          <testName>test_whenAuthorizationHeaderIsBearer_thenMatches</testName>
          <skipped>false</skipped>
          <failedSince>0</failedSince>
        </case>
        <case>
          <duration>0.0</duration>
          <className>com.fdc.authenticationserver.security.JwtRequestMatcherTest</className>
          <testName>test_whenAuthorizationHeaderIsNotBearer_thenDoesNotMatch</testName>
          <skipped>false</skipped>
          <failedSince>0</failedSince>
        </case>
        <case>
          <duration>0.001</duration>
          <className>com.fdc.authenticationserver.security.JwtRequestMatcherTest</className>
          <testName>test_whenAuthorizationHeaderIsAbsent_thenDoesNotMatch</testName>
          <skipped>false</skipped>
          <failedSince>0</failedSince>
        </case>
      </cases>
    </suite>
  </suites>
  <duration>12.339</duration>
  <keepLongStdio>false</keepLongStdio>
</result>