<?xml version='1.1' encoding='UTF-8'?>
<result plugin="junit@1.53">
  <suites>
    <suite>
      <file>/var/jenkins_home/workspace/fdc-authentication-service/target/surefire-reports/TEST-com.fdc.authenticationserver.keymgmt.SecurityKeyRotationSchedulerTest.xml</file>
      <name>com.fdc.authenticationserver.keymgmt.SecurityKeyRotationSchedulerTest</name>
      <duration>5.156</duration>
      <time>5.156</time>
      <nodeId>19</nodeId>
      <enclosingBlocks>
        <string>15</string>
      </enclosingBlocks>
      <enclosingBlockNames>
        <string>Build Jar Artifacts</string>
      </enclosingBlockNames>
      <cases>
        <case>
          <duration>1.115</duration>
          <className>com.fdc.authenticationserver.keymgmt.SecurityKeyRotationSchedulerTest</className>
          <testName>test_whenInitialized_thenNewSecurityKeyIsGeneratedAndListenersAreInvoked</testName>
          <skipped>false</skipped>
          <failedSince>0</failedSince>
        </case>
        <case>
          <duration>4.037</duration>
          <className>com.fdc.authenticationserver.keymgmt.SecurityKeyRotationSchedulerTest</className>
          <testName>test_whenInitializedAndFinderFails_thenFinderTriesAgain</testName>
          <skipped>false</skipped>
          <failedSince>0</failedSince>
        </case>
      </cases>
    </suite>
    <suite>
      <file>/var/jenkins_home/workspace/fdc-authentication-service/target/surefire-reports/TEST-com.fdc.authenticationserver.keymgmt.SecurityKeyUtilsTest.xml</file>
      <name>com.fdc.authenticationserver.keymgmt.SecurityKeyUtilsTest</name>
      <duration>0.009</duration>
      <time>0.009</time>
      <nodeId>19</nodeId>
      <enclosingBlocks>
        <string>15</string>
      </enclosingBlocks>
      <enclosingBlockNames>
        <string>Build Jar Artifacts</string>
      </enclosingBlockNames>
      <cases>
        <case>
          <duration>0.002</duration>
          <className>com.fdc.authenticationserver.keymgmt.SecurityKeyUtilsTest</className>
          <testName>test_findUsableSecurityKey_whenSecurityEndDatePassed_thenOptionalIsEmpty</testName>
          <skipped>false</skipped>
          <failedSince>0</failedSince>
        </case>
        <case>
          <duration>0.004</duration>
          <className>com.fdc.authenticationserver.keymgmt.SecurityKeyUtilsTest</className>
          <testName>test_findUsableSecurityKey_whenSecurityEndDateNotPassed_thenOptionalIsNonEmpty</testName>
          <skipped>false</skipped>
          <failedSince>0</failedSince>
        </case>
      </cases>
    </suite>
    <suite>
      <file>/var/jenkins_home/workspace/fdc-authentication-service/target/surefire-reports/TEST-com.fdc.authenticationserver.security.JwtAuthenticationFilterTest.xml</file>
      <name>com.fdc.authenticationserver.security.JwtAuthenticationFilterTest</name>
      <duration>2.992</duration>
      <time>2.992</time>
      <nodeId>19</nodeId>
      <enclosingBlocks>
        <string>15</string>
      </enclosingBlocks>
      <enclosingBlockNames>
        <string>Build Jar Artifacts</string>
      </enclosingBlockNames>
      <cases>
        <case>
          <duration>2.911</duration>
          <className>com.fdc.authenticationserver.security.JwtAuthenticationFilterTest</className>
          <testName>test_whenRequestMatcherDoesNotMatch_thenProceedWithChain</testName>
          <skipped>false</skipped>
          <failedSince>0</failedSince>
        </case>
        <case>
          <duration>0.056</duration>
          <className>com.fdc.authenticationserver.security.JwtAuthenticationFilterTest</className>
          <testName>test_whenAuthenticationIsAttemptedAndAuthenticationManagerReturnsNull_thenSecurityContextIsEmpty</testName>
          <skipped>false</skipped>
          <failedSince>0</failedSince>
        </case>
        <case>
          <duration>0.004</duration>
          <className>com.fdc.authenticationserver.security.JwtAuthenticationFilterTest</className>
          <testName>test_whenAuthenticationIsAttemptedAndAuthenticationManagerReturnsResult_thenSecurityContextIsEmpty</testName>
          <skipped>false</skipped>
          <failedSince>0</failedSince>
        </case>
        <case>
          <duration>0.006</duration>
          <className>com.fdc.authenticationserver.security.JwtAuthenticationFilterTest</className>
          <testName>test_whenAuthenticationIsAttemptedAndAuthenticationExceptionOccurs_thenSecurityContextIsEmpty</testName>
          <skipped>false</skipped>
          <failedSince>0</failedSince>
        </case>
        <case>
          <duration>0.008</duration>
          <className>com.fdc.authenticationserver.security.JwtAuthenticationFilterTest</className>
          <testName>test_whenAuthenticationIsAttempted_thenJwtAuthenticationHasBearerToken</testName>
          <skipped>false</skipped>
          <failedSince>0</failedSince>
        </case>
      </cases>
    </suite>
    <suite>
      <file>/var/jenkins_home/workspace/fdc-authentication-service/target/surefire-reports/TEST-com.fdc.authenticationserver.security.JwtRequestMatcherTest.xml</file>
      <name>com.fdc.authenticationserver.security.JwtRequestMatcherTest</name>
      <duration>3.164</duration>
      <time>3.164</time>
      <nodeId>19</nodeId>
      <enclosingBlocks>
        <string>15</string>
      </enclosingBlocks>
      <enclosingBlockNames>
        <string>Build Jar Artifacts</string>
      </enclosingBlockNames>
      <cases>
        <case>
          <duration>3.073</duration>
          <className>com.fdc.authenticationserver.security.JwtRequestMatcherTest</className>
          <testName>test_whenJwtAuthenticationTokenIsPresentInSecurityContext_thenDoesNotMatch</testName>
          <skipped>false</skipped>
          <failedSince>0</failedSince>
        </case>
        <case>
          <duration>0.066</duration>
          <className>com.fdc.authenticationserver.security.JwtRequestMatcherTest</className>
          <testName>test_whenAuthorizationHeaderIsBearer_thenMatches</testName>
          <skipped>false</skipped>
          <failedSince>0</failedSince>
        </case>
        <case>
          <duration>0.001</duration>
          <className>com.fdc.authenticationserver.security.JwtRequestMatcherTest</className>
          <testName>test_whenAuthorizationHeaderIsNotBearer_thenDoesNotMatch</testName>
          <skipped>false</skipped>
          <failedSince>0</failedSince>
        </case>
        <case>
          <duration>0.001</duration>
          <className>com.fdc.authenticationserver.security.JwtRequestMatcherTest</className>
          <testName>test_whenAuthorizationHeaderIsAbsent_thenDoesNotMatch</testName>
          <skipped>false</skipped>
          <failedSince>0</failedSince>
        </case>
      </cases>
    </suite>
  </suites>
  <duration>11.320999</duration>
  <keepLongStdio>false</keepLongStdio>
</result>