<?xml version='1.1' encoding='UTF-8'?>
<result plugin="junit@1.53">
  <suites>
    <suite>
      <file>/var/jenkins_home/workspace/fdc-edi/target/surefire-reports/TEST-com.fdc.adapter.FdcAdapterApplicationTest.xml</file>
      <name>com.fdc.adapter.FdcAdapterApplicationTest</name>
      <duration>0.0</duration>
      <time>0</time>
      <nodeId>19</nodeId>
      <enclosingBlocks>
        <string>15</string>
      </enclosingBlocks>
      <enclosingBlockNames>
        <string>Buid Jar aftifacts</string>
      </enclosingBlockNames>
      <cases>
        <case>
          <duration>0.0</duration>
          <className>com.fdc.adapter.FdcAdapterApplicationTest</className>
          <testName>com.fdc.adapter.FdcAdapterApplicationTest</testName>
          <skipped>true</skipped>
          <skippedMessage>class com.fdc.adapter.FdcAdapterApplicationTest is @Disabled</skippedMessage>
          <failedSince>0</failedSince>
        </case>
      </cases>
    </suite>
    <suite>
      <file>/var/jenkins_home/workspace/fdc-edi/target/surefire-reports/TEST-com.fdc.adapter.domain.SftpFileTest.xml</file>
      <name>com.fdc.adapter.domain.SftpFileTest</name>
      <duration>0.0</duration>
      <time>0</time>
      <nodeId>19</nodeId>
      <enclosingBlocks>
        <string>15</string>
      </enclosingBlocks>
      <enclosingBlockNames>
        <string>Buid Jar aftifacts</string>
      </enclosingBlockNames>
      <cases>
        <case>
          <duration>0.0</duration>
          <className>com.fdc.adapter.domain.SftpFileTest</className>
          <testName>test_createForOutbound</testName>
          <skipped>false</skipped>
          <failedSince>0</failedSince>
        </case>
        <case>
          <duration>0.0</duration>
          <className>com.fdc.adapter.domain.SftpFileTest</className>
          <testName>test_createForInbound</testName>
          <skipped>false</skipped>
          <failedSince>0</failedSince>
        </case>
        <case>
          <duration>0.0</duration>
          <className>com.fdc.adapter.domain.SftpFileTest</className>
          <testName>test_createForOutbound_ifFileNameIsNull_thenExpectException</testName>
          <skipped>false</skipped>
          <failedSince>0</failedSince>
        </case>
        <case>
          <duration>0.0</duration>
          <className>com.fdc.adapter.domain.SftpFileTest</className>
          <testName>test_createForInbound_ifFileNameIsNull_thenExpectException</testName>
          <skipped>false</skipped>
          <failedSince>0</failedSince>
        </case>
        <case>
          <duration>0.0</duration>
          <className>com.fdc.adapter.domain.SftpFileTest</className>
          <testName>test_createForOutbound_ifClientIdIsNull_thenExpectException</testName>
          <skipped>false</skipped>
          <failedSince>0</failedSince>
        </case>
        <case>
          <duration>0.0</duration>
          <className>com.fdc.adapter.domain.SftpFileTest</className>
          <testName>test_createForInbound_ifClientIdIsNull_thenExpectException</testName>
          <skipped>false</skipped>
          <failedSince>0</failedSince>
        </case>
        <case>
          <duration>0.0</duration>
          <className>com.fdc.adapter.domain.SftpFileTest</className>
          <testName>test_createForOutbound_ifWorkflowIsNull_thenExpectException</testName>
          <skipped>false</skipped>
          <failedSince>0</failedSince>
        </case>
        <case>
          <duration>0.0</duration>
          <className>com.fdc.adapter.domain.SftpFileTest</className>
          <testName>test_createForInbound_ifWorkflowIsNull_thenExpectException</testName>
          <skipped>false</skipped>
          <failedSince>0</failedSince>
        </case>
        <case>
          <duration>0.0</duration>
          <className>com.fdc.adapter.domain.SftpFileTest</className>
          <testName>test_createForOutbound_ifWorkflowIsNotOutbound_thenExpectException</testName>
          <skipped>false</skipped>
          <failedSince>0</failedSince>
        </case>
        <case>
          <duration>0.0</duration>
          <className>com.fdc.adapter.domain.SftpFileTest</className>
          <testName>test_createForInbound_ifWorkflowIsNotInbound_thenExpectException</testName>
          <skipped>false</skipped>
          <failedSince>0</failedSince>
        </case>
      </cases>
    </suite>
    <suite>
      <file>/var/jenkins_home/workspace/fdc-edi/target/surefire-reports/TEST-com.fdc.adapter.inbound.ShipmentIngestionTransformerTest.xml</file>
      <name>com.fdc.adapter.inbound.ShipmentIngestionTransformerTest</name>
      <duration>0.064</duration>
      <time>0.064</time>
      <nodeId>19</nodeId>
      <enclosingBlocks>
        <string>15</string>
      </enclosingBlocks>
      <enclosingBlockNames>
        <string>Buid Jar aftifacts</string>
      </enclosingBlockNames>
      <cases>
        <case>
          <duration>0.041</duration>
          <className>com.fdc.adapter.inbound.ShipmentIngestionTransformerTest</className>
          <testName>test_whenShipmentIngestionSucceeds_thenMarkFileAsProcessed</testName>
          <skipped>false</skipped>
          <failedSince>0</failedSince>
        </case>
        <case>
          <duration>0.018</duration>
          <className>com.fdc.adapter.inbound.ShipmentIngestionTransformerTest</className>
          <testName>test_whenShipmentIngestionFails_thenMarkAddFailedStatus</testName>
          <skipped>false</skipped>
          <failedSince>0</failedSince>
        </case>
      </cases>
    </suite>
    <suite>
      <file>/var/jenkins_home/workspace/fdc-edi/target/surefire-reports/TEST-com.fdc.adapter.inbound.StediEdi211InboundJsonConverterTest.xml</file>
      <name>com.fdc.adapter.inbound.StediEdi211InboundJsonConverterTest</name>
      <duration>0.001</duration>
      <time>0.001</time>
      <nodeId>19</nodeId>
      <enclosingBlocks>
        <string>15</string>
      </enclosingBlocks>
      <enclosingBlockNames>
        <string>Buid Jar aftifacts</string>
      </enclosingBlockNames>
      <cases>
        <case>
          <duration>0.0</duration>
          <className>com.fdc.adapter.inbound.StediEdi211InboundJsonConverterTest</className>
          <testName>test_whenTranslationSucceeds_thenExpectJson</testName>
          <skipped>false</skipped>
          <failedSince>0</failedSince>
        </case>
        <case>
          <duration>0.001</duration>
          <className>com.fdc.adapter.inbound.StediEdi211InboundJsonConverterTest</className>
          <testName>test_whenSomeException</testName>
          <skipped>false</skipped>
          <failedSince>0</failedSince>
        </case>
        <case>
          <duration>0.0</duration>
          <className>com.fdc.adapter.inbound.StediEdi211InboundJsonConverterTest</className>
          <testName>test_StediReturnsErrorResponse_thenExpectException</testName>
          <skipped>false</skipped>
          <failedSince>0</failedSince>
        </case>
        <case>
          <duration>0.0</duration>
          <className>com.fdc.adapter.inbound.StediEdi211InboundJsonConverterTest</className>
          <testName>test_whenStediEdi211_thenExpectSupport</testName>
          <skipped>false</skipped>
          <failedSince>0</failedSince>
        </case>
      </cases>
    </suite>
    <suite>
      <file>/var/jenkins_home/workspace/fdc-edi/target/surefire-reports/TEST-com.fdc.adapter.integration.inbound.InboundIntegrationTest.xml</file>
      <name>com.fdc.adapter.integration.inbound.InboundIntegrationTest</name>
      <duration>0.0</duration>
      <time>0</time>
      <nodeId>19</nodeId>
      <enclosingBlocks>
        <string>15</string>
      </enclosingBlocks>
      <enclosingBlockNames>
        <string>Buid Jar aftifacts</string>
      </enclosingBlockNames>
      <cases>
        <case>
          <duration>0.0</duration>
          <className>com.fdc.adapter.integration.inbound.InboundIntegrationTest</className>
          <testName>com.fdc.adapter.integration.inbound.InboundIntegrationTest</testName>
          <skipped>true</skipped>
          <skippedMessage>class com.fdc.adapter.integration.inbound.InboundIntegrationTest is @Disabled</skippedMessage>
          <failedSince>0</failedSince>
        </case>
      </cases>
    </suite>
    <suite>
      <file>/var/jenkins_home/workspace/fdc-edi/target/surefire-reports/TEST-com.fdc.adapter.integration.outbound.OutboundIntegrationTest.xml</file>
      <name>com.fdc.adapter.integration.outbound.OutboundIntegrationTest</name>
      <duration>0.0</duration>
      <time>0</time>
      <nodeId>19</nodeId>
      <enclosingBlocks>
        <string>15</string>
      </enclosingBlocks>
      <enclosingBlockNames>
        <string>Buid Jar aftifacts</string>
      </enclosingBlockNames>
      <cases>
        <case>
          <duration>0.0</duration>
          <className>com.fdc.adapter.integration.outbound.OutboundIntegrationTest</className>
          <testName>com.fdc.adapter.integration.outbound.OutboundIntegrationTest</testName>
          <skipped>true</skipped>
          <skippedMessage>class com.fdc.adapter.integration.outbound.OutboundIntegrationTest is @Disabled</skippedMessage>
          <failedSince>0</failedSince>
        </case>
      </cases>
    </suite>
    <suite>
      <file>/var/jenkins_home/workspace/fdc-edi/target/surefire-reports/TEST-com.fdc.adapter.outbound.ConvertJsonTransformerTest.xml</file>
      <name>com.fdc.adapter.outbound.ConvertJsonTransformerTest</name>
      <duration>0.072</duration>
      <time>0.072</time>
      <nodeId>19</nodeId>
      <enclosingBlocks>
        <string>15</string>
      </enclosingBlocks>
      <enclosingBlockNames>
        <string>Buid Jar aftifacts</string>
      </enclosingBlockNames>
      <cases>
        <case>
          <duration>0.023</duration>
          <className>com.fdc.adapter.outbound.ConvertJsonTransformerTest</className>
          <testName>test_whenSupportedConverterIsAvailable_thenExpectConversion</testName>
          <skipped>false</skipped>
          <failedSince>0</failedSince>
        </case>
        <case>
          <duration>0.04</duration>
          <className>com.fdc.adapter.outbound.ConvertJsonTransformerTest</className>
          <testName>test_whenNoSupportedConverterIsAvailable_thenExpectException</testName>
          <skipped>false</skipped>
          <failedSince>0</failedSince>
        </case>
      </cases>
    </suite>
    <suite>
      <file>/var/jenkins_home/workspace/fdc-edi/target/surefire-reports/TEST-com.fdc.adapter.outbound.FileNameGeneratorTest.xml</file>
      <name>com.fdc.adapter.outbound.FileNameGeneratorTest</name>
      <duration>0.0</duration>
      <time>0</time>
      <nodeId>19</nodeId>
      <enclosingBlocks>
        <string>15</string>
      </enclosingBlocks>
      <enclosingBlockNames>
        <string>Buid Jar aftifacts</string>
      </enclosingBlockNames>
      <cases>
        <case>
          <duration>0.0</duration>
          <className>com.fdc.adapter.outbound.FileNameGeneratorTest</className>
          <testName>test_generate</testName>
          <skipped>false</skipped>
          <failedSince>0</failedSince>
        </case>
      </cases>
    </suite>
    <suite>
      <file>/var/jenkins_home/workspace/fdc-edi/target/surefire-reports/TEST-com.fdc.adapter.outbound.OutboundFileProcessorTest.xml</file>
      <name>com.fdc.adapter.outbound.OutboundFileProcessorTest</name>
      <duration>1.469</duration>
      <time>1.469</time>
      <nodeId>19</nodeId>
      <enclosingBlocks>
        <string>15</string>
      </enclosingBlocks>
      <enclosingBlockNames>
        <string>Buid Jar aftifacts</string>
      </enclosingBlockNames>
      <cases>
        <case>
          <duration>1.361</duration>
          <className>com.fdc.adapter.outbound.OutboundFileProcessorTest</className>
          <testName>test_whenAllIsWell_thenFileIsProcessed</testName>
          <skipped>false</skipped>
          <failedSince>0</failedSince>
        </case>
        <case>
          <duration>0.07</duration>
          <className>com.fdc.adapter.outbound.OutboundFileProcessorTest</className>
          <testName>test_whenExceptionInTransformerChain_thenHandleFailure</testName>
          <skipped>false</skipped>
          <failedSince>0</failedSince>
        </case>
        <case>
          <duration>0.035</duration>
          <className>com.fdc.adapter.outbound.OutboundFileProcessorTest</className>
          <testName>test_whenStoringPayloadFails_thenHandleFatalFailure</testName>
          <skipped>false</skipped>
          <failedSince>0</failedSince>
        </case>
      </cases>
    </suite>
    <suite>
      <file>/var/jenkins_home/workspace/fdc-edi/target/surefire-reports/TEST-com.fdc.adapter.outbound.OutboundRetryJobTest.xml</file>
      <name>com.fdc.adapter.outbound.OutboundRetryJobTest</name>
      <duration>1.492</duration>
      <time>1.492</time>
      <nodeId>19</nodeId>
      <enclosingBlocks>
        <string>15</string>
      </enclosingBlocks>
      <enclosingBlockNames>
        <string>Buid Jar aftifacts</string>
      </enclosingBlockNames>
      <cases>
        <case>
          <duration>1.491</duration>
          <className>com.fdc.adapter.outbound.OutboundRetryJobTest</className>
          <testName>test_run</testName>
          <skipped>false</skipped>
          <failedSince>0</failedSince>
        </case>
      </cases>
    </suite>
    <suite>
      <file>/var/jenkins_home/workspace/fdc-edi/target/surefire-reports/TEST-com.fdc.adapter.outbound.converter.StediEdiOutboundJsonConverterTest.xml</file>
      <name>com.fdc.adapter.outbound.converter.StediEdiOutboundJsonConverterTest</name>
      <duration>4.38</duration>
      <time>4.38</time>
      <nodeId>19</nodeId>
      <enclosingBlocks>
        <string>15</string>
      </enclosingBlocks>
      <enclosingBlockNames>
        <string>Buid Jar aftifacts</string>
      </enclosingBlockNames>
      <cases>
        <case>
          <duration>4.188</duration>
          <className>com.fdc.adapter.outbound.converter.StediEdiOutboundJsonConverterTest</className>
          <testName>testSupports_whenMappingProviderNotStedi_thenDoesNotSupport</testName>
          <skipped>false</skipped>
          <failedSince>0</failedSince>
        </case>
        <case>
          <duration>0.175</duration>
          <className>com.fdc.adapter.outbound.converter.StediEdiOutboundJsonConverterTest</className>
          <testName>testConvert</testName>
          <skipped>false</skipped>
          <failedSince>0</failedSince>
        </case>
        <case>
          <duration>0.002</duration>
          <className>com.fdc.adapter.outbound.converter.StediEdiOutboundJsonConverterTest</className>
          <testName>testSupports_whenWorkflowNotOutbound_thenDoesNotSupport</testName>
          <skipped>false</skipped>
          <failedSince>0</failedSince>
        </case>
        <case>
          <duration>0.006</duration>
          <className>com.fdc.adapter.outbound.converter.StediEdiOutboundJsonConverterTest</className>
          <testName>testSupports_whenMappingProviderStedi_thenSupports</testName>
          <skipped>false</skipped>
          <failedSince>0</failedSince>
        </case>
      </cases>
    </suite>
    <suite>
      <file>/var/jenkins_home/workspace/fdc-edi/target/surefire-reports/TEST-com.fdc.adapter.repository.JobMetaDataRepositoryIntTest.xml</file>
      <name>com.fdc.adapter.repository.JobMetaDataRepositoryIntTest</name>
      <duration>0.019</duration>
      <time>0.019</time>
      <nodeId>19</nodeId>
      <enclosingBlocks>
        <string>15</string>
      </enclosingBlocks>
      <enclosingBlockNames>
        <string>Buid Jar aftifacts</string>
      </enclosingBlockNames>
      <cases>
        <case>
          <duration>0.0</duration>
          <className>com.fdc.adapter.repository.JobMetaDataRepositoryIntTest</className>
          <testName>com.fdc.adapter.repository.JobMetaDataRepositoryIntTest</testName>
          <skipped>true</skipped>
          <skippedMessage>class com.fdc.adapter.repository.JobMetaDataRepositoryIntTest is @Disabled</skippedMessage>
          <failedSince>0</failedSince>
        </case>
      </cases>
    </suite>
  </suites>
  <duration>7.497</duration>
  <keepLongStdio>false</keepLongStdio>
</result>