<?xml version='1.1' encoding='UTF-8'?>
<result plugin="junit@1.53">
  <suites>
    <suite>
      <file>/var/jenkins_home/workspace/fdc-core/target/surefire-reports/TEST-TestSuite.xml</file>
      <name>TestSuite</name>
      <duration>234.54</duration>
      <time>234.54</time>
      <nodeId>19</nodeId>
      <enclosingBlocks>
        <string>15</string>
      </enclosingBlocks>
      <enclosingBlockNames>
        <string>Buid Jar aftifacts</string>
      </enclosingBlockNames>
      <cases>
        <case>
          <duration>1.802</duration>
          <className>com.fdc.core.repository.EventsRepositoryIntTest</className>
          <testName>findByEventPackageAndEventTypeTest</testName>
          <skipped>false</skipped>
          <failedSince>0</failedSince>
        </case>
        <case>
          <duration>0.0</duration>
          <className>com.fdc.core.repository.EventsRepositoryIntTest</className>
          <testName>findByIdTest</testName>
          <skipped>false</skipped>
          <failedSince>0</failedSince>
        </case>
        <case>
          <duration>0.072</duration>
          <className>com.fdc.core.repository.EventsRepositoryIntTest</className>
          <testName>getPackageStatusDetailsTest</testName>
          <skipped>false</skipped>
          <failedSince>0</failedSince>
        </case>
        <case>
          <duration>0.019</duration>
          <className>com.fdc.core.repository.OptimizationRepositoryIntTest</className>
          <testName>findByIdTest</testName>
          <skipped>false</skipped>
          <failedSince>0</failedSince>
        </case>
        <case>
          <duration>0.013</duration>
          <className>com.fdc.core.repository.OptimizationRepositoryIntTest</className>
          <testName>findByOptimizationIdTest</testName>
          <skipped>false</skipped>
          <failedSince>0</failedSince>
        </case>
        <case>
          <duration>0.004</duration>
          <className>com.fdc.core.repository.OptimizationRepositoryIntTest</className>
          <testName>findByParcelCenterIdAndDeliveryDateAndActiveTest</testName>
          <skipped>false</skipped>
          <failedSince>0</failedSince>
        </case>
        <case>
          <duration>0.004</duration>
          <className>com.fdc.core.repository.ClientRepositoryIntTest</className>
          <testName>findByIdTest</testName>
          <skipped>false</skipped>
          <failedSince>0</failedSince>
        </case>
        <case>
          <duration>0.006</duration>
          <className>com.fdc.core.repository.RouteRepositoryIntTest</className>
          <testName>findByIdTest</testName>
          <skipped>false</skipped>
          <failedSince>0</failedSince>
        </case>
        <case>
          <duration>0.006</duration>
          <className>com.fdc.core.repository.RouteRepositoryIntTest</className>
          <testName>findByR4meRouteIdAndOptimizationIdTest</testName>
          <skipped>false</skipped>
          <failedSince>0</failedSince>
        </case>
        <case>
          <duration>0.006</duration>
          <className>com.fdc.core.repository.RouteRepositoryIntTest</className>
          <testName>findByR4meRouteIdTest</testName>
          <skipped>false</skipped>
          <failedSince>0</failedSince>
        </case>
        <case>
          <duration>0.297</duration>
          <className>com.fdc.core.repository.RouteRepositoryIntTest</className>
          <testName>updateRouteStatusAsStartedTest</testName>
          <skipped>false</skipped>
          <failedSince>0</failedSince>
        </case>
        <case>
          <duration>0.019</duration>
          <className>com.fdc.core.repository.PackagesRepositoryIntTest</className>
          <testName>findByBarcodeAndTrackingNumberTest</testName>
          <skipped>false</skipped>
          <failedSince>0</failedSince>
        </case>
        <case>
          <duration>0.015</duration>
          <className>com.fdc.core.repository.PackagesRepositoryIntTest</className>
          <testName>findByBarcodeTest</testName>
          <skipped>false</skipped>
          <failedSince>0</failedSince>
        </case>
        <case>
          <duration>0.012</duration>
          <className>com.fdc.core.repository.PackagesRepositoryIntTest</className>
          <testName>findByIdTest</testName>
          <skipped>false</skipped>
          <failedSince>0</failedSince>
        </case>
        <case>
          <duration>0.019</duration>
          <className>com.fdc.core.repository.PackagesRepositoryIntTest</className>
          <testName>findByR4meOrderIdTest</testName>
          <skipped>false</skipped>
          <failedSince>0</failedSince>
        </case>
        <case>
          <duration>0.021</duration>
          <className>com.fdc.core.repository.PackagesRepositoryIntTest</className>
          <testName>findByR4meSyncStatusAndPcIdTest</testName>
          <skipped>false</skipped>
          <failedSince>0</failedSince>
        </case>
        <case>
          <duration>0.03</duration>
          <className>com.fdc.core.repository.PackagesRepositoryIntTest</className>
          <testName>findByRouteTest</testName>
          <skipped>false</skipped>
          <failedSince>0</failedSince>
        </case>
        <case>
          <duration>0.05</duration>
          <className>com.fdc.core.repository.PackagesRepositoryIntTest</className>
          <testName>findPackagesInRouteTest</testName>
          <skipped>false</skipped>
          <failedSince>0</failedSince>
        </case>
        <case>
          <duration>0.028</duration>
          <className>com.fdc.core.repository.PackagesRepositoryIntTest</className>
          <testName>findWithShipmentAndClientByR4meSyncStatusAndPcIdAndDeliveryDateTest</testName>
          <skipped>false</skipped>
          <failedSince>0</failedSince>
        </case>
        <case>
          <duration>0.013</duration>
          <className>com.fdc.core.repository.PackagesRepositoryIntTest</className>
          <testName>findWithShipmentAndRouteByR4meSyncStatusAndPcIdTest</testName>
          <skipped>false</skipped>
          <failedSince>0</failedSince>
        </case>
        <case>
          <duration>0.013</duration>
          <className>com.fdc.core.repository.PackagesRepositoryIntTest</className>
          <testName>findWithShipmentByIdTest</testName>
          <skipped>false</skipped>
          <failedSince>0</failedSince>
        </case>
        <case>
          <duration>0.013</duration>
          <className>com.fdc.core.repository.PackagesRepositoryIntTest</className>
          <testName>findWithShipmentByR4meSyncStatusAndPcIdAndDeliveryDateTest</testName>
          <skipped>false</skipped>
          <failedSince>0</failedSince>
        </case>
        <case>
          <duration>0.012</duration>
          <className>com.fdc.core.repository.PackagesRepositoryIntTest</className>
          <testName>findWithShipmentByR4meSyncStatusAndPcIdTest</testName>
          <skipped>false</skipped>
          <failedSince>0</failedSince>
        </case>
        <case>
          <duration>0.054</duration>
          <className>com.fdc.core.repository.PackagesRepositoryIntTest</className>
          <testName>findWithShipmentByR4meSyncStatusInAndPcIdAndDeliveryDateTest</testName>
          <skipped>false</skipped>
          <failedSince>0</failedSince>
        </case>
        <case>
          <duration>0.012</duration>
          <className>com.fdc.core.repository.PackagesRepositoryIntTest</className>
          <testName>findWithShipmentByR4meSyncStatusInAndPcIdTest</testName>
          <skipped>false</skipped>
          <failedSince>0</failedSince>
        </case>
        <case>
          <duration>0.036</duration>
          <className>com.fdc.core.repository.PackagesRepositoryIntTest</className>
          <testName>updatePackageStatusInBulkTest</testName>
          <skipped>false</skipped>
          <failedSince>0</failedSince>
        </case>
        <case>
          <duration>0.012</duration>
          <className>com.fdc.core.repository.PackagesRepositoryIntTest</className>
          <testName>updatePackageStatusTest</testName>
          <skipped>false</skipped>
          <failedSince>0</failedSince>
        </case>
        <case>
          <duration>0.008</duration>
          <className>com.fdc.core.repository.PcCustomAttributeRepositoryIntTest</className>
          <testName>findByIdTest</testName>
          <skipped>false</skipped>
          <failedSince>0</failedSince>
        </case>
        <case>
          <duration>0.007</duration>
          <className>com.fdc.core.repository.PcCustomAttributeRepositoryIntTest</className>
          <testName>findByParcelCenterIdAndFieldNameTest</testName>
          <skipped>false</skipped>
          <failedSince>0</failedSince>
        </case>
        <case>
          <duration>0.007</duration>
          <className>com.fdc.core.repository.PcCustomAttributeRepositoryIntTest</className>
          <testName>findByParcelCenterIdTest</testName>
          <skipped>false</skipped>
          <failedSince>0</failedSince>
        </case>
        <case>
          <duration>0.007</duration>
          <className>com.fdc.core.repository.ZipcodeCoverageRepositoryIntTest</className>
          <testName>findByIdTest</testName>
          <skipped>false</skipped>
          <failedSince>0</failedSince>
        </case>
        <case>
          <duration>0.007</duration>
          <className>com.fdc.core.repository.ZipcodeCoverageRepositoryIntTest</className>
          <testName>findWithParcelCenterByZipcodeStartingWithTest</testName>
          <skipped>false</skipped>
          <failedSince>0</failedSince>
        </case>
        <case>
          <duration>0.003</duration>
          <className>com.fdc.core.repository.EventTypeRepositoryIntTest</className>
          <testName>findByIdTest</testName>
          <skipped>false</skipped>
          <failedSince>0</failedSince>
        </case>
        <case>
          <duration>0.006</duration>
          <className>com.fdc.core.repository.DriverRepositoryIntTest</className>
          <testName>findByIdTest</testName>
          <skipped>false</skipped>
          <failedSince>0</failedSince>
        </case>
        <case>
          <duration>0.005</duration>
          <className>com.fdc.core.repository.DriverRepositoryIntTest</className>
          <testName>findByMemberIdTest</testName>
          <skipped>false</skipped>
          <failedSince>0</failedSince>
        </case>
        <case>
          <duration>0.011</duration>
          <className>com.fdc.core.repository.ParcelCenterRepositoryIntTest</className>
          <testName>findAllWithPcMembersTest</testName>
          <skipped>false</skipped>
          <failedSince>0</failedSince>
        </case>
        <case>
          <duration>0.007</duration>
          <className>com.fdc.core.repository.ParcelCenterRepositoryIntTest</className>
          <testName>findByIdTest</testName>
          <skipped>false</skipped>
          <failedSince>0</failedSince>
        </case>
        <case>
          <duration>0.008</duration>
          <className>com.fdc.core.repository.ParcelCenterRepositoryIntTest</className>
          <testName>findWithPcMembersByIdTest</testName>
          <skipped>false</skipped>
          <failedSince>0</failedSince>
        </case>
        <case>
          <duration>0.008</duration>
          <className>com.fdc.core.repository.ShipmentRepositoryIntTest</className>
          <testName>findByExternalShipmentIdTest</testName>
          <skipped>false</skipped>
          <failedSince>0</failedSince>
        </case>
        <case>
          <duration>0.005</duration>
          <className>com.fdc.core.repository.ShipmentRepositoryIntTest</className>
          <testName>findByIdTest</testName>
          <skipped>false</skipped>
          <failedSince>0</failedSince>
        </case>
        <case>
          <duration>0.005</duration>
          <className>com.fdc.core.repository.ParcelCenterMemberRepositoryIntTest</className>
          <testName>findByIdTest</testName>
          <skipped>false</skipped>
          <failedSince>0</failedSince>
        </case>
        <case>
          <duration>0.036</duration>
          <className>com.fdc.core.repository.ParcelCenterMemberRepositoryIntTest</className>
          <testName>findByParcelCenterIdTest</testName>
          <skipped>false</skipped>
          <failedSince>0</failedSince>
        </case>
        <case>
          <duration>0.001</duration>
          <className>com.fdc.core.shipment.processing.post.async.dell.DellShipmentAsyncPostProcessingRunnerIntTest</className>
          <testName>processors_present</testName>
          <skipped>false</skipped>
          <failedSince>0</failedSince>
        </case>
        <case>
          <duration>2.572</duration>
          <className>com.fdc.core.controller.ShipmentControllerIntTest</className>
          <testName>fetchShipmentByExtIdTest</testName>
          <skipped>false</skipped>
          <failedSince>0</failedSince>
        </case>
        <case>
          <duration>0.021</duration>
          <className>com.fdc.core.controller.ShipmentControllerIntTest</className>
          <testName>fetchShipmentByIdTest</testName>
          <skipped>false</skipped>
          <failedSince>0</failedSince>
        </case>
        <case>
          <duration>1.199</duration>
          <className>com.fdc.core.controller.ShipmentControllerIntTest</className>
          <testName>insertMissingManifestTest_emptyZip</testName>
          <skipped>false</skipped>
          <failedSince>0</failedSince>
        </case>
        <case>
          <duration>0.47</duration>
          <className>com.fdc.core.controller.ShipmentControllerIntTest</className>
          <testName>insertShipmentInBulkTest_emptyAddressLine1</testName>
          <skipped>false</skipped>
          <failedSince>0</failedSince>
        </case>
        <case>
          <duration>0.075</duration>
          <className>com.fdc.core.controller.ShipmentControllerIntTest</className>
          <testName>insertShipmentInBulkTest_emptyCity</testName>
          <skipped>false</skipped>
          <failedSince>0</failedSince>
        </case>
        <case>
          <duration>0.158</duration>
          <className>com.fdc.core.controller.ShipmentControllerIntTest</className>
          <testName>insertShipmentInBulkTest_emptyList</testName>
          <skipped>false</skipped>
          <failedSince>0</failedSince>
        </case>
        <case>
          <duration>0.065</duration>
          <className>com.fdc.core.controller.ShipmentControllerIntTest</className>
          <testName>insertShipmentInBulkTest_emptyZip</testName>
          <skipped>false</skipped>
          <failedSince>0</failedSince>
        </case>
        <case>
          <duration>0.057</duration>
          <className>com.fdc.core.controller.ShipmentControllerIntTest</className>
          <testName>insertShipmentInBulkTest_esmptyState</testName>
          <skipped>false</skipped>
          <failedSince>0</failedSince>
        </case>
        <case>
          <duration>0.021</duration>
          <className>com.fdc.core.controller.ShipmentControllerIntTest</className>
          <testName>insertShipmentTest_emptyAddressLine1</testName>
          <skipped>false</skipped>
          <failedSince>0</failedSince>
        </case>
        <case>
          <duration>0.016</duration>
          <className>com.fdc.core.controller.ShipmentControllerIntTest</className>
          <testName>insertShipmentTest_emptyCity</testName>
          <skipped>false</skipped>
          <failedSince>0</failedSince>
        </case>
        <case>
          <duration>0.043</duration>
          <className>com.fdc.core.controller.ShipmentControllerIntTest</className>
          <testName>insertShipmentTest_emptyState</testName>
          <skipped>false</skipped>
          <failedSince>0</failedSince>
        </case>
        <case>
          <duration>0.04</duration>
          <className>com.fdc.core.controller.ShipmentControllerIntTest</className>
          <testName>insertShipmentTest_emptyZip</testName>
          <skipped>false</skipped>
          <failedSince>0</failedSince>
        </case>
        <case>
          <duration>0.038</duration>
          <className>com.fdc.core.controller.ShipmentControllerIntTest</className>
          <testName>insertShipmentTest_nullDeliveryDate</testName>
          <skipped>false</skipped>
          <failedSince>0</failedSince>
        </case>
        <case>
          <duration>0.033</duration>
          <className>com.fdc.core.controller.ShipmentControllerIntTest</className>
          <testName>patchShipmentTest_emptyAddressLine1</testName>
          <skipped>false</skipped>
          <failedSince>0</failedSince>
        </case>
        <case>
          <duration>0.017</duration>
          <className>com.fdc.core.controller.ShipmentControllerIntTest</className>
          <testName>patchShipmentTest_emptyCity</testName>
          <skipped>false</skipped>
          <failedSince>0</failedSince>
        </case>
        <case>
          <duration>0.042</duration>
          <className>com.fdc.core.controller.ShipmentControllerIntTest</className>
          <testName>patchShipmentTest_emptyState</testName>
          <skipped>false</skipped>
          <failedSince>0</failedSince>
        </case>
        <case>
          <duration>0.028</duration>
          <className>com.fdc.core.controller.ShipmentControllerIntTest</className>
          <testName>patchShipmentTest_emptyZip</testName>
          <skipped>false</skipped>
          <failedSince>0</failedSince>
        </case>
        <case>
          <duration>0.05</duration>
          <className>com.fdc.core.controller.ShipmentControllerIntTest</className>
          <testName>patchShipmentTest_nullDeliveryDate</testName>
          <skipped>false</skipped>
          <failedSince>0</failedSince>
        </case>
        <case>
          <duration>0.015</duration>
          <className>com.fdc.core.controller.ShipmentControllerIntTest</className>
          <testName>updateShipmentTest_emptyAddressLine1</testName>
          <skipped>false</skipped>
          <failedSince>0</failedSince>
        </case>
        <case>
          <duration>0.024</duration>
          <className>com.fdc.core.controller.ShipmentControllerIntTest</className>
          <testName>updateShipmentTest_emptyCity</testName>
          <skipped>false</skipped>
          <failedSince>0</failedSince>
        </case>
        <case>
          <duration>0.034</duration>
          <className>com.fdc.core.controller.ShipmentControllerIntTest</className>
          <testName>updateShipmentTest_emptyState</testName>
          <skipped>false</skipped>
          <failedSince>0</failedSince>
        </case>
        <case>
          <duration>0.029</duration>
          <className>com.fdc.core.controller.ShipmentControllerIntTest</className>
          <testName>updateShipmentTest_emptyZip</testName>
          <skipped>false</skipped>
          <failedSince>0</failedSince>
        </case>
        <case>
          <duration>0.041</duration>
          <className>com.fdc.core.controller.ShipmentControllerIntTest</className>
          <testName>updateShipmentTest_nullDeliveryDate</testName>
          <skipped>false</skipped>
          <failedSince>0</failedSince>
        </case>
        <case>
          <duration>0.014</duration>
          <className>com.fdc.core.event.processor.impl.OrderCreatedEventProcessorIntTest</className>
          <testName>testProcessEvent</testName>
          <skipped>false</skipped>
          <failedSince>0</failedSince>
        </case>
        <case>
          <duration>0.734</duration>
          <className>com.fdc.core.event.processor.impl.RouteOptimizedEventProcessorIntTest</className>
          <testName>processEventTest</testName>
          <skipped>false</skipped>
          <failedSince>0</failedSince>
        </case>
        <case>
          <duration>0.071</duration>
          <className>com.fdc.core.event.processor.impl.RouteOwnerChangedEventProcessorIntTest</className>
          <testName>processEventTest</testName>
          <skipped>false</skipped>
          <failedSince>0</failedSince>
        </case>
        <case>
          <duration>1.002</duration>
          <className>com.fdc.core.event.processor.impl.DeliveredEventProcessorIntTest</className>
          <testName>testWorkFlowId2SequenceEvents</testName>
          <skipped>false</skipped>
          <failedSince>0</failedSince>
        </case>
        <case>
          <duration>0.002</duration>
          <className>com.fdc.core.service.r4me.impl.R4meAddressServiceImplUnitTest</className>
          <testName>getR4meAddressesFromParcelCenterAndPackagesTest</testName>
          <skipped>false</skipped>
          <failedSince>0</failedSince>
        </case>
        <case>
          <duration>0.773</duration>
          <className>com.fdc.core.service.impl.ShipmentServiceImplClientPickupTest</className>
          <testName>test_insertShipment_withClientPickup</testName>
          <skipped>false</skipped>
          <failedSince>0</failedSince>
        </case>
        <case>
          <duration>0.023</duration>
          <className>com.fdc.core.service.impl.OptimizationServiceImplUnitTest</className>
          <testName>createOptimizationTest</testName>
          <skipped>false</skipped>
          <failedSince>0</failedSince>
        </case>
        <case>
          <duration>0.003</duration>
          <className>com.fdc.core.service.impl.OptimizationServiceImplUnitTest</className>
          <testName>deactivateOptimizationTest</testName>
          <skipped>false</skipped>
          <failedSince>0</failedSince>
        </case>
        <case>
          <duration>0.003</duration>
          <className>com.fdc.core.service.impl.ZipcodeCoverageServiceImplUnitTest</className>
          <testName>getParcelCenterByZipcodeTest_notFound</testName>
          <skipped>false</skipped>
          <failedSince>0</failedSince>
        </case>
        <case>
          <duration>0.003</duration>
          <className>com.fdc.core.service.impl.EventServiceImplUnitTest</className>
          <testName>captureDepartedFromOriginEventTest</testName>
          <skipped>false</skipped>
          <failedSince>0</failedSince>
        </case>
        <case>
          <duration>0.006</duration>
          <className>com.fdc.core.service.impl.EventServiceImplUnitTest</className>
          <testName>captureInfoReceivedEventTest</testName>
          <skipped>false</skipped>
          <failedSince>0</failedSince>
        </case>
        <case>
          <duration>0.008</duration>
          <className>com.fdc.core.service.impl.EventServiceImplUnitTest</className>
          <testName>captureMiddleMileEventTest</testName>
          <skipped>false</skipped>
          <failedSince>0</failedSince>
        </case>
        <case>
          <duration>0.01</duration>
          <className>com.fdc.core.service.impl.PackageServiceImplUnitTest</className>
          <testName>validatePackagesForPatchTest</testName>
          <skipped>false</skipped>
          <failedSince>0</failedSince>
        </case>
        <case>
          <duration>0.001</duration>
          <className>com.fdc.core.service.impl.PackageServiceImplUnitTest</className>
          <testName>validatePackagesTest</testName>
          <skipped>false</skipped>
          <failedSince>0</failedSince>
        </case>
        <case>
          <duration>0.006</duration>
          <className>com.fdc.core.service.impl.ShipmentServiceImplUnitTest</className>
          <testName>fetchShipmentByExtIdTest</testName>
          <skipped>false</skipped>
          <failedSince>0</failedSince>
        </case>
        <case>
          <duration>0.004</duration>
          <className>com.fdc.core.service.impl.ShipmentServiceImplUnitTest</className>
          <testName>fetchShipmentByExtIdTest_notFound</testName>
          <skipped>false</skipped>
          <failedSince>0</failedSince>
        </case>
        <case>
          <duration>0.003</duration>
          <className>com.fdc.core.service.impl.ShipmentServiceImplUnitTest</className>
          <testName>fetchShipmentByIdTest</testName>
          <skipped>false</skipped>
          <failedSince>0</failedSince>
        </case>
        <case>
          <duration>0.003</duration>
          <className>com.fdc.core.service.impl.ShipmentServiceImplUnitTest</className>
          <testName>fetchShipmentByIdTest_notFound</testName>
          <skipped>false</skipped>
          <failedSince>0</failedSince>
        </case>
        <case>
          <duration>0.016</duration>
          <className>com.fdc.core.service.impl.ShipmentServiceImplUnitTest</className>
          <testName>insertShipmentTest</testName>
          <skipped>false</skipped>
          <failedSince>0</failedSince>
        </case>
        <case>
          <duration>0.038</duration>
          <className>com.fdc.core.service.impl.ShipmentServiceImplUnitTest</className>
          <testName>insertShipmentsInBulkTest</testName>
          <skipped>false</skipped>
          <failedSince>0</failedSince>
        </case>
        <case>
          <duration>0.003</duration>
          <className>com.fdc.core.service.impl.ShipmentServiceImplUnitTest</className>
          <testName>patchShipmentTest_allFields</testName>
          <skipped>false</skipped>
          <failedSince>0</failedSince>
        </case>
        <case>
          <duration>0.002</duration>
          <className>com.fdc.core.service.impl.ShipmentServiceImplUnitTest</className>
          <testName>patchShipmentTest_singleField</testName>
          <skipped>false</skipped>
          <failedSince>0</failedSince>
        </case>
        <case>
          <duration>0.003</duration>
          <className>com.fdc.core.service.impl.ShipmentServiceImplUnitTest</className>
          <testName>updateShipmentTest</testName>
          <skipped>false</skipped>
          <failedSince>0</failedSince>
        </case>
        <case>
          <duration>0.001</duration>
          <className>com.fdc.core.service.impl.ParcelCenterServiceImplUnitTest</className>
          <testName>findByIdTest</testName>
          <skipped>false</skipped>
          <failedSince>0</failedSince>
        </case>
        <case>
          <duration>0.0</duration>
          <className>com.fdc.core.service.impl.ParcelCenterServiceImplUnitTest</className>
          <testName>findByIdTest_notFound</testName>
          <skipped>false</skipped>
          <failedSince>0</failedSince>
        </case>
        <case>
          <duration>0.003</duration>
          <className>com.fdc.core.mapper.impl.MissingManifestMapperImplTest</className>
          <testName>mapMissingManifestToShipmentDtoTest</testName>
          <skipped>false</skipped>
          <failedSince>0</failedSince>
        </case>
        <case>
          <duration>0.009</duration>
          <className>com.fdc.core.mapper.impl.ActivityToEventMapperImplUnitTest</className>
          <testName>mapFromActivityToEventTest</testName>
          <skipped>false</skipped>
          <failedSince>0</failedSince>
        </case>
        <case>
          <duration>0.0</duration>
          <className>com.fdc.core.mapper.impl.ActivityToEventMapperImplUnitTest</className>
          <testName>mapFromActivityToEventTest_nullInput</testName>
          <skipped>false</skipped>
          <failedSince>0</failedSince>
        </case>
        <case>
          <duration>0.002</duration>
          <className>com.fdc.core.mapper.impl.ActivityTimelineMapperImplUnitTest</className>
          <testName>mapEventToActivityDtoTest</testName>
          <skipped>false</skipped>
          <failedSince>0</failedSince>
        </case>
        <case>
          <duration>0.0</duration>
          <className>com.fdc.core.mapper.impl.ActivityTimelineMapperImplUnitTest</className>
          <testName>mapEventToActivityDtoTest_nullInput</testName>
          <skipped>false</skipped>
          <failedSince>0</failedSince>
        </case>
        <case>
          <duration>0.0</duration>
          <className>com.fdc.core.mapper.impl.ActivityTimelineMapperImplUnitTest</className>
          <testName>mapEventsToActivitiesTest</testName>
          <skipped>false</skipped>
          <failedSince>0</failedSince>
        </case>
        <case>
          <duration>0.001</duration>
          <className>com.fdc.core.mapper.impl.ActivityTimelineMapperImplUnitTest</className>
          <testName>mapEventsToActivitiesTest_nullInput</testName>
          <skipped>false</skipped>
          <failedSince>0</failedSince>
        </case>
        <case>
          <duration>0.002</duration>
          <className>com.fdc.core.mapper.mapstruct.ShipmentMapperUnitTest</className>
          <testName>mapFromDtoTest</testName>
          <skipped>false</skipped>
          <failedSince>0</failedSince>
        </case>
        <case>
          <duration>0.003</duration>
          <className>com.fdc.core.mapper.mapstruct.ShipmentMapperUnitTest</className>
          <testName>mapToDtoTest</testName>
          <skipped>false</skipped>
          <failedSince>0</failedSince>
        </case>
        <case>
          <duration>0.001</duration>
          <className>com.fdc.core.mapper.mapstruct.PackageMapperUnitTest</className>
          <testName>mapFromDtoTest</testName>
          <skipped>false</skipped>
          <failedSince>0</failedSince>
        </case>
        <case>
          <duration>0.0</duration>
          <className>com.fdc.core.mapper.mapstruct.PackageMapperUnitTest</className>
          <testName>mapToDtoTest</testName>
          <skipped>false</skipped>
          <failedSince>0</failedSince>
        </case>
        <case>
          <duration>0.001</duration>
          <className>com.fdc.core.spring.publishers.ShipmentCreatedEventPublisherUnitTest</className>
          <testName>publishOnShipmentCreation_nullShipmentResponseDto_exception</testName>
          <skipped>false</skipped>
          <failedSince>0</failedSince>
        </case>
        <case>
          <duration>0.0</duration>
          <className>com.fdc.core.spring.publishers.ShipmentCreatedEventPublisherUnitTest</className>
          <testName>publishOnShipmentCreation_null_shipment_exception</testName>
          <skipped>false</skipped>
          <failedSince>0</failedSince>
        </case>
        <case>
          <duration>0.221</duration>
          <className>com.fdc.core.spring.publishers.ShipmentCreatedEventPublisherUnitTest</className>
          <testName>publishOnShipmentCreation_ok</testName>
          <skipped>false</skipped>
          <failedSince>0</failedSince>
        </case>
        <case>
          <duration>0.0</duration>
          <className>com.fdc.core.ShipmentsApplicationTest</className>
          <testName>contextLoads</testName>
          <skipped>false</skipped>
          <failedSince>0</failedSince>
        </case>
        <case>
          <duration>0.014</duration>
          <className>com.fdc.core.actuator.ServicesHealthTest</className>
          <testName>testHealthWithHealthDown</testName>
          <skipped>false</skipped>
          <failedSince>0</failedSince>
        </case>
        <case>
          <duration>0.001</duration>
          <className>com.fdc.core.actuator.ServicesHealthTest</className>
          <testName>testHealthWithHealthUp</testName>
          <skipped>false</skipped>
          <failedSince>0</failedSince>
        </case>
        <case>
          <duration>0.015</duration>
          <className>com.fdc.core.actuator.CloudSortHealthTest</className>
          <testName>testHealthWithDownCondition</testName>
          <skipped>false</skipped>
          <failedSince>0</failedSince>
        </case>
        <case>
          <duration>0.001</duration>
          <className>com.fdc.core.actuator.CloudSortHealthTest</className>
          <testName>testHealthWithUpCondition</testName>
          <skipped>false</skipped>
          <failedSince>0</failedSince>
        </case>
        <case>
          <duration>15.212</duration>
          <className>com.fdc.core.cloudsort.service.auth.CloudSortJwtStorageIntTest</className>
          <testName>get_expiredToken_ok</testName>
          <skipped>false</skipped>
          <failedSince>0</failedSince>
        </case>
        <case>
          <duration>0.0</duration>
          <className>com.fdc.core.cloudsort.service.auth.CloudSortJwtStorageIntTest</className>
          <testName>get_ok</testName>
          <skipped>false</skipped>
          <failedSince>0</failedSince>
        </case>
        <case>
          <duration>0.002</duration>
          <className>com.fdc.core.cloudsort.service.auth.CloudSortJwtStorageIntTest</className>
          <testName>init_ok</testName>
          <skipped>false</skipped>
          <failedSince>0</failedSince>
        </case>
        <case>
          <duration>0.0</duration>
          <className>com.fdc.core.cloudsort.service.CloudSortRestClientIntTest</className>
          <testName>auth_ok</testName>
          <skipped>false</skipped>
          <failedSince>0</failedSince>
        </case>
        <case>
          <duration>0.001</duration>
          <className>com.fdc.core.cloudsort.service.CloudSortRestClientIntTest</className>
          <testName>manifest_ok</testName>
          <skipped>false</skipped>
          <failedSince>0</failedSince>
        </case>
      </cases>
    </suite>
  </suites>
  <duration>234.54</duration>
  <keepLongStdio>false</keepLongStdio>
</result>